Build started 2017/10/06 2:26:48.
     1>Project "C:\Users\Yuta\Documents\Visual Studio 2010\Projects\KinectApp2\KinectApp2\KinectApp2.vcxproj" on node 2 (build target(s)).
     1>InitializeBuildStatus:
         Touching "Debug\KinectApp2.unsuccessfulbuild".
       ClCompile:
         C:\Program Files (x86)\Microsoft Visual Studio 10.0\VC\bin\CL.exe /c /I"C:\Program Files\Microsoft SDKs\Kinect\v1.8\\inc" /I"C:\opencv-3.3.0\build\install\include" /ZI /nologo /W3 /WX- /Od /Oy- /D WIN32 /D _DEBUG /D _CONSOLE /D _UNICODE /D UNICODE /Gm /EHsc /RTC1 /MDd /GS /fp:precise /Zc:wchar_t /Zc:forScope /Fo"Debug\\" /Fd"Debug\vc100.pdb" /Gd /TP /analyze- /errorReport:prompt Main.cpp
         Main.cpp
     1>c:\users\yuta\documents\visual studio 2010\projects\kinectapp2\kinectapp2\main.cpp(92): error C3861: 'drawSkeleton': identifier not found
     1>c:\users\yuta\documents\visual studio 2010\projects\kinectapp2\kinectapp2\main.cpp(154): warning C4018: '<' : signed/unsigned mismatch
     1>Done Building Project "C:\Users\Yuta\Documents\Visual Studio 2010\Projects\KinectApp2\KinectApp2\KinectApp2.vcxproj" (build target(s)) -- FAILED.

Build FAILED.

Time Elapsed 00:00:02.80
